<?xml version="1.0" encoding="UTF-8"?>
<!-- Generated by org.testng.reporters.JUnitReportReporter -->
<testsuite skipped="0" hostname="DIN39000878" name="com.crm.qa.testcaes.LoginPageTest" tests="3" failures="0" timestamp="23 Nov 2018 10:44:36 GMT" time="37.416" errors="0">
  <testcase name="LoginTest" time="17.866" classname="com.crm.qa.testcaes.LoginPageTest"/>
  <testcase name="loginPageTitleTest" time="9.471" classname="com.crm.qa.testcaes.LoginPageTest"/>
  <testcase name="CRMimgaeTest" time="10.079" classname="com.crm.qa.testcaes.LoginPageTest"/>
</testsuite> <!-- com.crm.qa.testcaes.LoginPageTest -->
